# JRE version: 7.0_11-b21
# Java VM: Java HotSpot(TM) 64-Bit Server VM (23.6-b04 mixed mode windows-amd64 compressed oops)
Heap
 PSYoungGen      total 49024K, used 16779K [0x00000000f0b60000, 0x00000000f3d20000, 0x0000000100000000)
  eden space 47104K, 31% used [0x00000000f0b60000,0x00000000f19e6c08,0x00000000f3960000)
  from space 1920K, 99% used [0x00000000f3b40000,0x00000000f3d1c020,0x00000000f3d20000)
  to   space 1920K, 0% used [0x00000000f3960000,0x00000000f3960000,0x00000000f3b40000)
 ParOldGen       total 31360K, used 16066K [0x00000000d2200000, 0x00000000d40a0000, 0x00000000f0b60000)
  object space 31360K, 51% used [0x00000000d2200000,0x00000000d31b0ad8,0x00000000d40a0000)
 PSPermGen       total 21248K, used 16806K [0x00000000cd000000, 0x00000000ce4c0000, 0x00000000d2200000)
  object space 21248K, 79% used [0x00000000cd000000,0x00000000ce069ba8,0x00000000ce4c0000)
GC Heap History (8 events):
Event: 0.528 GC heap before
{Heap before GC invocations=1 (full 0):
 PSYoungGen      total 13696K, used 11776K [0x00000000f0b60000, 0x00000000f1aa0000, 0x0000000100000000)
  eden space 11776K, 100% used [0x00000000f0b60000,0x00000000f16e0000,0x00000000f16e0000)
  from space 1920K, 0% used [0x00000000f18c0000,0x00000000f18c0000,0x00000000f1aa0000)
  to   space 1920K, 0% used [0x00000000f16e0000,0x00000000f16e0000,0x00000000f18c0000)
 ParOldGen       total 31360K, used 0K [0x00000000d2200000, 0x00000000d40a0000, 0x00000000f0b60000)
  object space 31360K, 0% used [0x00000000d2200000,0x00000000d2200000,0x00000000d40a0000)
 PSPermGen       total 21248K, used 9205K [0x00000000cd000000, 0x00000000ce4c0000, 0x00000000d2200000)
  object space 21248K, 43% used [0x00000000cd000000,0x00000000cd8fd6f8,0x00000000ce4c0000)
Event: 0.537 GC heap after
Heap after GC invocations=1 (full 0):
 PSYoungGen      total 13696K, used 1888K [0x00000000f0b60000, 0x00000000f2620000, 0x0000000100000000)
  eden space 11776K, 0% used [0x00000000f0b60000,0x00000000f0b60000,0x00000000f16e0000)
  from space 1920K, 98% used [0x00000000f16e0000,0x00000000f18b8010,0x00000000f18c0000)
  to   space 1920K, 0% used [0x00000000f2440000,0x00000000f2440000,0x00000000f2620000)
 ParOldGen       total 31360K, used 3632K [0x00000000d2200000, 0x00000000d40a0000, 0x00000000f0b60000)
  object space 31360K, 11% used [0x00000000d2200000,0x00000000d258c020,0x00000000d40a0000)
 PSPermGen       total 21248K, used 9205K [0x00000000cd000000, 0x00000000ce4c0000, 0x00000000d2200000)
  object space 21248K, 43% used [0x00000000cd000000,0x00000000cd8fd6f8,0x00000000ce4c0000)
}
Event: 0.677 GC heap before
{Heap before GC invocations=2 (full 0):
 PSYoungGen      total 13696K, used 13664K [0x00000000f0b60000, 0x00000000f2620000, 0x0000000100000000)
  eden space 11776K, 100% used [0x00000000f0b60000,0x00000000f16e0000,0x00000000f16e0000)
  from space 1920K, 98% used [0x00000000f16e0000,0x00000000f18b8010,0x00000000f18c0000)
  to   space 1920K, 0% used [0x00000000f2440000,0x00000000f2440000,0x00000000f2620000)
 ParOldGen       total 31360K, used 3632K [0x00000000d2200000, 0x00000000d40a0000, 0x00000000f0b60000)
  object space 31360K, 11% used [0x00000000d2200000,0x00000000d258c020,0x00000000d40a0000)
 PSPermGen       total 21248K, used 9223K [0x00000000cd000000, 0x00000000ce4c0000, 0x00000000d2200000)
  object space 21248K, 43% used [0x00000000cd000000,0x00000000cd901f80,0x00000000ce4c0000)
Event: 0.685 GC heap after
Heap after GC invocations=2 (full 0):
 PSYoungGen      total 25472K, used 1904K [0x00000000f0b60000, 0x00000000f2620000, 0x0000000100000000)
  eden space 23552K, 0% used [0x00000000f0b60000,0x00000000f0b60000,0x00000000f2260000)
  from space 1920K, 99% used [0x00000000f2440000,0x00000000f261c020,0x00000000f2620000)
  to   space 1920K, 0% used [0x00000000f2260000,0x00000000f2260000,0x00000000f2440000)
 ParOldGen       total 31360K, used 6805K [0x00000000d2200000, 0x00000000d40a0000, 0x00000000f0b60000)
  object space 31360K, 21% used [0x00000000d2200000,0x00000000d28a54b8,0x00000000d40a0000)
 PSPermGen       total 21248K, used 9223K [0x00000000cd000000, 0x00000000ce4c0000, 0x00000000d2200000)
  object space 21248K, 43% used [0x00000000cd000000,0x00000000cd901f80,0x00000000ce4c0000)
}
Event: 1.240 GC heap before
{Heap before GC invocations=3 (full 0):
 PSYoungGen      total 25472K, used 25456K [0x00000000f0b60000, 0x00000000f2620000, 0x0000000100000000)
  eden space 23552K, 100% used [0x00000000f0b60000,0x00000000f2260000,0x00000000f2260000)
  from space 1920K, 99% used [0x00000000f2440000,0x00000000f261c020,0x00000000f2620000)
  to   space 1920K, 0% used [0x00000000f2260000,0x00000000f2260000,0x00000000f2440000)
 ParOldGen       total 31360K, used 6805K [0x00000000d2200000, 0x00000000d40a0000, 0x00000000f0b60000)
  object space 31360K, 21% used [0x00000000d2200000,0x00000000d28a54b8,0x00000000d40a0000)
 PSPermGen       total 21248K, used 12821K [0x00000000cd000000, 0x00000000ce4c0000, 0x00000000d2200000)
  object space 21248K, 60% used [0x00000000cd000000,0x00000000cdc85670,0x00000000ce4c0000)
Event: 1.252 GC heap after
Heap after GC invocations=3 (full 0):
 PSYoungGen      total 25472K, used 1904K [0x00000000f0b60000, 0x00000000f3d20000, 0x0000000100000000)
  eden space 23552K, 0% used [0x00000000f0b60000,0x00000000f0b60000,0x00000000f2260000)
  from space 1920K, 99% used [0x00000000f2260000,0x00000000f243c020,0x00000000f2440000)
  to   space 1920K, 0% used [0x00000000f3b40000,0x00000000f3b40000,0x00000000f3d20000)
 ParOldGen       total 31360K, used 12916K [0x00000000d2200000, 0x00000000d40a0000, 0x00000000f0b60000)
  object space 31360K, 41% used [0x00000000d2200000,0x00000000d2e9d308,0x00000000d40a0000)
 PSPermGen       total 21248K, used 12821K [0x00000000cd000000, 0x00000000ce4c0000, 0x00000000d2200000)
  object space 21248K, 60% used [0x00000000cd000000,0x00000000cdc85670,0x00000000ce4c0000)
}
Event: 2.174 GC heap before
{Heap before GC invocations=4 (full 0):
 PSYoungGen      total 25472K, used 25456K [0x00000000f0b60000, 0x00000000f3d20000, 0x0000000100000000)
  eden space 23552K, 100% used [0x00000000f0b60000,0x00000000f2260000,0x00000000f2260000)
  from space 1920K, 99% used [0x00000000f2260000,0x00000000f243c020,0x00000000f2440000)
  to   space 1920K, 0% used [0x00000000f3b40000,0x00000000f3b40000,0x00000000f3d20000)
 ParOldGen       total 31360K, used 12916K [0x00000000d2200000, 0x00000000d40a0000, 0x00000000f0b60000)
  object space 31360K, 41% used [0x00000000d2200000,0x00000000d2e9d308,0x00000000d40a0000)
 PSPermGen       total 21248K, used 16295K [0x00000000cd000000, 0x00000000ce4c0000, 0x00000000d2200000)
  object space 21248K, 76% used [0x00000000cd000000,0x00000000cdfe9db8,0x00000000ce4c0000)
Event: 2.186 GC heap after
Heap after GC invocations=4 (full 0):
 PSYoungGen      total 49024K, used 1904K [0x00000000f0b60000, 0x00000000f3d20000, 0x0000000100000000)
  eden space 47104K, 0% used [0x00000000f0b60000,0x00000000f0b60000,0x00000000f3960000)
  from space 1920K, 99% used [0x00000000f3b40000,0x00000000f3d1c020,0x00000000f3d20000)
  to   space 1920K, 0% used [0x00000000f3960000,0x00000000f3960000,0x00000000f3b40000)
 ParOldGen       total 31360K, used 16066K [0x00000000d2200000, 0x00000000d40a0000, 0x00000000f0b60000)
  object space 31360K, 51% used [0x00000000d2200000,0x00000000d31b0ad8,0x00000000d40a0000)
 PSPermGen       total 21248K, used 16295K [0x00000000cd000000, 0x00000000ce4c0000, 0x00000000d2200000)
  object space 21248K, 76% used [0x00000000cd000000,0x00000000cdfe9db8,0x00000000ce4c0000)
}

