# JRE version: 7.0_11-b21
# Java VM: Java HotSpot(TM) 64-Bit Server VM (23.6-b04 mixed mode windows-amd64 compressed oops)
Heap
 PSYoungGen      total 49024K, used 23631K [0x00000000f0b60000, 0x00000000f3d20000, 0x0000000100000000)
  eden space 47104K, 46% used [0x00000000f0b60000,0x00000000f2097e18,0x00000000f3960000)
  from space 1920K, 99% used [0x00000000f3b40000,0x00000000f3d1c030,0x00000000f3d20000)
  to   space 1920K, 0% used [0x00000000f3960000,0x00000000f3960000,0x00000000f3b40000)
 ParOldGen       total 31360K, used 16877K [0x00000000d2200000, 0x00000000d40a0000, 0x00000000f0b60000)
  object space 31360K, 53% used [0x00000000d2200000,0x00000000d327b748,0x00000000d40a0000)
 PSPermGen       total 21248K, used 17006K [0x00000000cd000000, 0x00000000ce4c0000, 0x00000000d2200000)
  object space 21248K, 80% used [0x00000000cd000000,0x00000000ce09b8b0,0x00000000ce4c0000)
GC Heap History (8 events):
Event: 0.556 GC heap before
{Heap before GC invocations=1 (full 0):
 PSYoungGen      total 13696K, used 11776K [0x00000000f0b60000, 0x00000000f1aa0000, 0x0000000100000000)
  eden space 11776K, 100% used [0x00000000f0b60000,0x00000000f16e0000,0x00000000f16e0000)
  from space 1920K, 0% used [0x00000000f18c0000,0x00000000f18c0000,0x00000000f1aa0000)
  to   space 1920K, 0% used [0x00000000f16e0000,0x00000000f16e0000,0x00000000f18c0000)
 ParOldGen       total 31360K, used 0K [0x00000000d2200000, 0x00000000d40a0000, 0x00000000f0b60000)
  object space 31360K, 0% used [0x00000000d2200000,0x00000000d2200000,0x00000000d40a0000)
 PSPermGen       total 21248K, used 9226K [0x00000000cd000000, 0x00000000ce4c0000, 0x00000000d2200000)
  object space 21248K, 43% used [0x00000000cd000000,0x00000000cd902b10,0x00000000ce4c0000)
Event: 0.566 GC heap after
Heap after GC invocations=1 (full 0):
 PSYoungGen      total 13696K, used 1888K [0x00000000f0b60000, 0x00000000f2620000, 0x0000000100000000)
  eden space 11776K, 0% used [0x00000000f0b60000,0x00000000f0b60000,0x00000000f16e0000)
  from space 1920K, 98% used [0x00000000f16e0000,0x00000000f18b8010,0x00000000f18c0000)
  to   space 1920K, 0% used [0x00000000f2440000,0x00000000f2440000,0x00000000f2620000)
 ParOldGen       total 31360K, used 3624K [0x00000000d2200000, 0x00000000d40a0000, 0x00000000f0b60000)
  object space 31360K, 11% used [0x00000000d2200000,0x00000000d258a040,0x00000000d40a0000)
 PSPermGen       total 21248K, used 9226K [0x00000000cd000000, 0x00000000ce4c0000, 0x00000000d2200000)
  object space 21248K, 43% used [0x00000000cd000000,0x00000000cd902b10,0x00000000ce4c0000)
}
Event: 0.702 GC heap before
{Heap before GC invocations=2 (full 0):
 PSYoungGen      total 13696K, used 13664K [0x00000000f0b60000, 0x00000000f2620000, 0x0000000100000000)
  eden space 11776K, 100% used [0x00000000f0b60000,0x00000000f16e0000,0x00000000f16e0000)
  from space 1920K, 98% used [0x00000000f16e0000,0x00000000f18b8010,0x00000000f18c0000)
  to   space 1920K, 0% used [0x00000000f2440000,0x00000000f2440000,0x00000000f2620000)
 ParOldGen       total 31360K, used 3624K [0x00000000d2200000, 0x00000000d40a0000, 0x00000000f0b60000)
  object space 31360K, 11% used [0x00000000d2200000,0x00000000d258a040,0x00000000d40a0000)
 PSPermGen       total 21248K, used 9244K [0x00000000cd000000, 0x00000000ce4c0000, 0x00000000d2200000)
  object space 21248K, 43% used [0x00000000cd000000,0x00000000cd907398,0x00000000ce4c0000)
Event: 0.712 GC heap after
Heap after GC invocations=2 (full 0):
 PSYoungGen      total 25472K, used 1888K [0x00000000f0b60000, 0x00000000f2620000, 0x0000000100000000)
  eden space 23552K, 0% used [0x00000000f0b60000,0x00000000f0b60000,0x00000000f2260000)
  from space 1920K, 98% used [0x00000000f2440000,0x00000000f2618010,0x00000000f2620000)
  to   space 1920K, 0% used [0x00000000f2260000,0x00000000f2260000,0x00000000f2440000)
 ParOldGen       total 31360K, used 7624K [0x00000000d2200000, 0x00000000d40a0000, 0x00000000f0b60000)
  object space 31360K, 24% used [0x00000000d2200000,0x00000000d29721c0,0x00000000d40a0000)
 PSPermGen       total 21248K, used 9244K [0x00000000cd000000, 0x00000000ce4c0000, 0x00000000d2200000)
  object space 21248K, 43% used [0x00000000cd000000,0x00000000cd907398,0x00000000ce4c0000)
}
Event: 1.294 GC heap before
{Heap before GC invocations=3 (full 0):
 PSYoungGen      total 25472K, used 25440K [0x00000000f0b60000, 0x00000000f2620000, 0x0000000100000000)
  eden space 23552K, 100% used [0x00000000f0b60000,0x00000000f2260000,0x00000000f2260000)
  from space 1920K, 98% used [0x00000000f2440000,0x00000000f2618010,0x00000000f2620000)
  to   space 1920K, 0% used [0x00000000f2260000,0x00000000f2260000,0x00000000f2440000)
 ParOldGen       total 31360K, used 7624K [0x00000000d2200000, 0x00000000d40a0000, 0x00000000f0b60000)
  object space 31360K, 24% used [0x00000000d2200000,0x00000000d29721c0,0x00000000d40a0000)
 PSPermGen       total 21248K, used 12659K [0x00000000cd000000, 0x00000000ce4c0000, 0x00000000d2200000)
  object space 21248K, 59% used [0x00000000cd000000,0x00000000cdc5cde8,0x00000000ce4c0000)
Event: 1.306 GC heap after
Heap after GC invocations=3 (full 0):
 PSYoungGen      total 25472K, used 1904K [0x00000000f0b60000, 0x00000000f3d20000, 0x0000000100000000)
  eden space 23552K, 0% used [0x00000000f0b60000,0x00000000f0b60000,0x00000000f2260000)
  from space 1920K, 99% used [0x00000000f2260000,0x00000000f243c020,0x00000000f2440000)
  to   space 1920K, 0% used [0x00000000f3b40000,0x00000000f3b40000,0x00000000f3d20000)
 ParOldGen       total 31360K, used 13656K [0x00000000d2200000, 0x00000000d40a0000, 0x00000000f0b60000)
  object space 31360K, 43% used [0x00000000d2200000,0x00000000d2f56328,0x00000000d40a0000)
 PSPermGen       total 21248K, used 12659K [0x00000000cd000000, 0x00000000ce4c0000, 0x00000000d2200000)
  object space 21248K, 59% used [0x00000000cd000000,0x00000000cdc5cde8,0x00000000ce4c0000)
}
Event: 2.242 GC heap before
{Heap before GC invocations=4 (full 0):
 PSYoungGen      total 25472K, used 25456K [0x00000000f0b60000, 0x00000000f3d20000, 0x0000000100000000)
  eden space 23552K, 100% used [0x00000000f0b60000,0x00000000f2260000,0x00000000f2260000)
  from space 1920K, 99% used [0x00000000f2260000,0x00000000f243c020,0x00000000f2440000)
  to   space 1920K, 0% used [0x00000000f3b40000,0x00000000f3b40000,0x00000000f3d20000)
 ParOldGen       total 31360K, used 13656K [0x00000000d2200000, 0x00000000d40a0000, 0x00000000f0b60000)
  object space 31360K, 43% used [0x00000000d2200000,0x00000000d2f56328,0x00000000d40a0000)
 PSPermGen       total 21248K, used 16348K [0x00000000cd000000, 0x00000000ce4c0000, 0x00000000d2200000)
  object space 21248K, 76% used [0x00000000cd000000,0x00000000cdff73c0,0x00000000ce4c0000)
Event: 2.256 GC heap after
Heap after GC invocations=4 (full 0):
 PSYoungGen      total 49024K, used 1904K [0x00000000f0b60000, 0x00000000f3d20000, 0x0000000100000000)
  eden space 47104K, 0% used [0x00000000f0b60000,0x00000000f0b60000,0x00000000f3960000)
  from space 1920K, 99% used [0x00000000f3b40000,0x00000000f3d1c030,0x00000000f3d20000)
  to   space 1920K, 0% used [0x00000000f3960000,0x00000000f3960000,0x00000000f3b40000)
 ParOldGen       total 31360K, used 16877K [0x00000000d2200000, 0x00000000d40a0000, 0x00000000f0b60000)
  object space 31360K, 53% used [0x00000000d2200000,0x00000000d327b748,0x00000000d40a0000)
 PSPermGen       total 21248K, used 16348K [0x00000000cd000000, 0x00000000ce4c0000, 0x00000000d2200000)
  object space 21248K, 76% used [0x00000000cd000000,0x00000000cdff73c0,0x00000000ce4c0000)
}

