# JRE version: 7.0_11-b21
# Java VM: Java HotSpot(TM) 64-Bit Server VM (23.6-b04 mixed mode windows-amd64 compressed oops)
Heap
 PSYoungGen      total 77120K, used 57268K [0x00000000f0b60000, 0x00000000f83f0000, 0x0000000100000000)
  eden space 64000K, 89% used [0x00000000f0b60000,0x00000000f434d060,0x00000000f49e0000)
  from space 13120K, 0% used [0x00000000f74e0000,0x00000000f74e0000,0x00000000f81b0000)
  to   space 2304K, 0% used [0x00000000f81b0000,0x00000000f81b0000,0x00000000f83f0000)
 ParOldGen       total 47808K, used 28990K [0x00000000d2200000, 0x00000000d50b0000, 0x00000000f0b60000)
  object space 47808K, 60% used [0x00000000d2200000,0x00000000d3e4fba0,0x00000000d50b0000)
 PSPermGen       total 45184K, used 22668K [0x00000000cd000000, 0x00000000cfc20000, 0x00000000d2200000)
  object space 45184K, 50% used [0x00000000cd000000,0x00000000ce623180,0x00000000cfc20000)
GC Heap History (10 events):
Event: 278.253 GC heap before
{Heap before GC invocations=10 (full 0):
 PSYoungGen      total 55616K, used 52088K [0x00000000f0b60000, 0x00000000f67e0000, 0x0000000100000000)
  eden space 43584K, 100% used [0x00000000f0b60000,0x00000000f35f0000,0x00000000f35f0000)
  from space 12032K, 70% used [0x00000000f35f0000,0x00000000f3e3e020,0x00000000f41b0000)
  to   space 12480K, 0% used [0x00000000f5bb0000,0x00000000f5bb0000,0x00000000f67e0000)
 ParOldGen       total 31360K, used 14768K [0x00000000d2200000, 0x00000000d40a0000, 0x00000000f0b60000)
  object space 31360K, 47% used [0x00000000d2200000,0x00000000d306c3c0,0x00000000d40a0000)
 PSPermGen       total 22400K, used 22302K [0x00000000cd000000, 0x00000000ce5e0000, 0x00000000d2200000)
  object space 22400K, 99% used [0x00000000cd000000,0x00000000ce5c7b98,0x00000000ce5e0000)
Event: 278.275 GC heap after
Heap after GC invocations=10 (full 0):
 PSYoungGen      total 81984K, used 3008K [0x00000000f0b60000, 0x00000000f67a0000, 0x0000000100000000)
  eden space 69760K, 0% used [0x00000000f0b60000,0x00000000f0b60000,0x00000000f4f80000)
  from space 12224K, 24% used [0x00000000f5bb0000,0x00000000f5ea0010,0x00000000f67a0000)
  to   space 12352K, 0% used [0x00000000f4f80000,0x00000000f4f80000,0x00000000f5b90000)
 ParOldGen       total 31360K, used 20014K [0x00000000d2200000, 0x00000000d40a0000, 0x00000000f0b60000)
  object space 31360K, 63% used [0x00000000d2200000,0x00000000d358b810,0x00000000d40a0000)
 PSPermGen       total 22400K, used 22302K [0x00000000cd000000, 0x00000000ce5e0000, 0x00000000d2200000)
  object space 22400K, 99% used [0x00000000cd000000,0x00000000ce5c7b98,0x00000000ce5e0000)
}
Event: 369.576 GC heap before
{Heap before GC invocations=11 (full 0):
 PSYoungGen      total 81984K, used 72768K [0x00000000f0b60000, 0x00000000f67a0000, 0x0000000100000000)
  eden space 69760K, 100% used [0x00000000f0b60000,0x00000000f4f80000,0x00000000f4f80000)
  from space 12224K, 24% used [0x00000000f5bb0000,0x00000000f5ea0010,0x00000000f67a0000)
  to   space 12352K, 0% used [0x00000000f4f80000,0x00000000f4f80000,0x00000000f5b90000)
 ParOldGen       total 31360K, used 20014K [0x00000000d2200000, 0x00000000d40a0000, 0x00000000f0b60000)
  object space 31360K, 63% used [0x00000000d2200000,0x00000000d358b810,0x00000000d40a0000)
 PSPermGen       total 22400K, used 22366K [0x00000000cd000000, 0x00000000ce5e0000, 0x00000000d2200000)
  object space 22400K, 99% used [0x00000000cd000000,0x00000000ce5d7be8,0x00000000ce5e0000)
Event: 369.613 GC heap after
Heap after GC invocations=11 (full 0):
 PSYoungGen      total 82112K, used 4960K [0x00000000f0b60000, 0x00000000f8f60000, 0x0000000100000000)
  eden space 69760K, 0% used [0x00000000f0b60000,0x00000000f0b60000,0x00000000f4f80000)
  from space 12352K, 40% used [0x00000000f4f80000,0x00000000f5458010,0x00000000f5b90000)
  to   space 11776K, 0% used [0x00000000f83e0000,0x00000000f83e0000,0x00000000f8f60000)
 ParOldGen       total 31360K, used 20086K [0x00000000d2200000, 0x00000000d40a0000, 0x00000000f0b60000)
  object space 31360K, 64% used [0x00000000d2200000,0x00000000d359d810,0x00000000d40a0000)
 PSPermGen       total 22400K, used 22366K [0x00000000cd000000, 0x00000000ce5e0000, 0x00000000d2200000)
  object space 22400K, 99% used [0x00000000cd000000,0x00000000ce5d7be8,0x00000000ce5e0000)
}
Event: 484.444 GC heap before
{Heap before GC invocations=12 (full 0):
 PSYoungGen      total 82112K, used 74720K [0x00000000f0b60000, 0x00000000f8f60000, 0x0000000100000000)
  eden space 69760K, 100% used [0x00000000f0b60000,0x00000000f4f80000,0x00000000f4f80000)
  from space 12352K, 40% used [0x00000000f4f80000,0x00000000f5458010,0x00000000f5b90000)
  to   space 11776K, 0% used [0x00000000f83e0000,0x00000000f83e0000,0x00000000f8f60000)
 ParOldGen       total 31360K, used 20086K [0x00000000d2200000, 0x00000000d40a0000, 0x00000000f0b60000)
  object space 31360K, 64% used [0x00000000d2200000,0x00000000d359d810,0x00000000d40a0000)
 PSPermGen       total 22592K, used 22424K [0x00000000cd000000, 0x00000000ce610000, 0x00000000d2200000)
  object space 22592K, 99% used [0x00000000cd000000,0x00000000ce5e6300,0x00000000ce610000)
Event: 484.475 GC heap after
Heap after GC invocations=12 (full 0):
 PSYoungGen      total 77696K, used 10864K [0x00000000f0b60000, 0x00000000f8e80000, 0x0000000100000000)
  eden space 66816K, 0% used [0x00000000f0b60000,0x00000000f0b60000,0x00000000f4ca0000)
  from space 10880K, 99% used [0x00000000f83e0000,0x00000000f8e7c020,0x00000000f8e80000)
  to   space 13120K, 0% used [0x00000000f74e0000,0x00000000f74e0000,0x00000000f81b0000)
 ParOldGen       total 31360K, used 20374K [0x00000000d2200000, 0x00000000d40a0000, 0x00000000f0b60000)
  object space 31360K, 64% used [0x00000000d2200000,0x00000000d35e5820,0x00000000d40a0000)
 PSPermGen       total 22592K, used 22424K [0x00000000cd000000, 0x00000000ce610000, 0x00000000d2200000)
  object space 22592K, 99% used [0x00000000cd000000,0x00000000ce5e6300,0x00000000ce610000)
}
Event: 569.887 GC heap before
{Heap before GC invocations=13 (full 0):
 PSYoungGen      total 77696K, used 77677K [0x00000000f0b60000, 0x00000000f8e80000, 0x0000000100000000)
  eden space 66816K, 99% used [0x00000000f0b60000,0x00000000f4c9f488,0x00000000f4ca0000)
  from space 10880K, 99% used [0x00000000f83e0000,0x00000000f8e7c020,0x00000000f8e80000)
  to   space 13120K, 0% used [0x00000000f74e0000,0x00000000f74e0000,0x00000000f81b0000)
 ParOldGen       total 31360K, used 20374K [0x00000000d2200000, 0x00000000d40a0000, 0x00000000f0b60000)
  object space 31360K, 64% used [0x00000000d2200000,0x00000000d35e5820,0x00000000d40a0000)
 PSPermGen       total 22592K, used 22588K [0x00000000cd000000, 0x00000000ce610000, 0x00000000d2200000)
  object space 22592K, 99% used [0x00000000cd000000,0x00000000ce60f3d0,0x00000000ce610000)
Event: 569.913 GC heap after
Heap after GC invocations=13 (full 0):
 PSYoungGen      total 77120K, used 13088K [0x00000000f0b60000, 0x00000000f83f0000, 0x0000000100000000)
  eden space 64000K, 0% used [0x00000000f0b60000,0x00000000f0b60000,0x00000000f49e0000)
  from space 13120K, 99% used [0x00000000f74e0000,0x00000000f81a8040,0x00000000f81b0000)
  to   space 2304K, 0% used [0x00000000f81b0000,0x00000000f81b0000,0x00000000f83f0000)
 ParOldGen       total 31360K, used 26462K [0x00000000d2200000, 0x00000000d40a0000, 0x00000000f0b60000)
  object space 31360K, 84% used [0x00000000d2200000,0x00000000d3bd7830,0x00000000d40a0000)
 PSPermGen       total 22592K, used 22588K [0x00000000cd000000, 0x00000000ce610000, 0x00000000d2200000)
  object space 22592K, 99% used [0x00000000cd000000,0x00000000ce60f3d0,0x00000000ce610000)
}
Event: 569.913 GC heap before
{Heap before GC invocations=14 (full 1):
 PSYoungGen      total 77120K, used 13088K [0x00000000f0b60000, 0x00000000f83f0000, 0x0000000100000000)
  eden space 64000K, 0% used [0x00000000f0b60000,0x00000000f0b60000,0x00000000f49e0000)
  from space 13120K, 99% used [0x00000000f74e0000,0x00000000f81a8040,0x00000000f81b0000)
  to   space 2304K, 0% used [0x00000000f81b0000,0x00000000f81b0000,0x00000000f83f0000)
 ParOldGen       total 31360K, used 26462K [0x00000000d2200000, 0x00000000d40a0000, 0x00000000f0b60000)
  object space 31360K, 84% used [0x00000000d2200000,0x00000000d3bd7830,0x00000000d40a0000)
 PSPermGen       total 22592K, used 22588K [0x00000000cd000000, 0x00000000ce610000, 0x00000000d2200000)
  object space 22592K, 99% used [0x00000000cd000000,0x00000000ce60f3d0,0x00000000ce610000)
Event: 570.158 GC heap after
Heap after GC invocations=14 (full 1):
 PSYoungGen      total 77120K, used 0K [0x00000000f0b60000, 0x00000000f83f0000, 0x0000000100000000)
  eden space 64000K, 0% used [0x00000000f0b60000,0x00000000f0b60000,0x00000000f49e0000)
  from space 13120K, 0% used [0x00000000f74e0000,0x00000000f74e0000,0x00000000f81b0000)
  to   space 2304K, 0% used [0x00000000f81b0000,0x00000000f81b0000,0x00000000f83f0000)
 ParOldGen       total 47808K, used 28990K [0x00000000d2200000, 0x00000000d50b0000, 0x00000000f0b60000)
  object space 47808K, 60% used [0x00000000d2200000,0x00000000d3e4fba0,0x00000000d50b0000)
 PSPermGen       total 45184K, used 22573K [0x00000000cd000000, 0x00000000cfc20000, 0x00000000d2200000)
  object space 45184K, 49% used [0x00000000cd000000,0x00000000ce60b750,0x00000000cfc20000)
}

